
  .   ____          _            __ _ _
 /\\ / ___'_ __ _ _(_)_ __  __ _ \ \ \ \
( ( )\___ | '_ | '_| | '_ \/ _` | \ \ \ \
 \\/  ___)| |_)| | | | | || (_| |  ) ) ) )
  '  |____| .__|_| |_|_| |_\__, | / / / /
 =========|_|==============|___/=/_/_/_/

 :: Spring Boot ::                (v3.5.0)

2026-03-27T09:55:53.285Z  INFO 16828 --- [ai-ticket-service] [           main] c.e.a.AiTicketServiceApplication         : Starting AiTicketServiceApplication v0.0.1-SNAPSHOT using Java 25.0.2 with PID 16828 (D:\develop\project副本\ai-ticket-service\target\ai-ticket-service-0.0.1-SNAPSHOT.jar started by 34170 in D:\develop\project副本\ai-ticket-service)
2026-03-27T09:55:53.291Z  INFO 16828 --- [ai-ticket-service] [           main] c.e.a.AiTicketServiceApplication         : No active profile set, falling back to 1 default profile: "default"
2026-03-27T09:55:54.743Z  INFO 16828 --- [ai-ticket-service] [           main] o.s.b.w.embedded.tomcat.TomcatWebServer  : Tomcat initialized with port 8080 (http)
2026-03-27T09:55:54.762Z  INFO 16828 --- [ai-ticket-service] [           main] o.apache.catalina.core.StandardService   : Starting service [Tomcat]
2026-03-27T09:55:54.764Z  INFO 16828 --- [ai-ticket-service] [           main] o.apache.catalina.core.StandardEngine    : Starting Servlet engine: [Apache Tomcat/10.1.41]
2026-03-27T09:55:54.795Z  INFO 16828 --- [ai-ticket-service] [           main] o.a.c.c.C.[Tomcat].[localhost].[/]       : Initializing Spring embedded WebApplicationContext
2026-03-27T09:55:54.796Z  INFO 16828 --- [ai-ticket-service] [           main] w.s.c.ServletWebServerApplicationContext : Root WebApplicationContext: initialization completed in 1439 ms
2026-03-27T09:55:55.586Z  INFO 16828 --- [ai-ticket-service] [           main] o.s.b.a.e.web.EndpointLinksResolver      : Exposing 1 endpoint beneath base path '/actuator'
2026-03-27T09:55:55.670Z  INFO 16828 --- [ai-ticket-service] [           main] o.s.b.w.embedded.tomcat.TomcatWebServer  : Tomcat started on port 8080 (http) with context path '/'
2026-03-27T09:55:55.685Z  INFO 16828 --- [ai-ticket-service] [           main] c.e.a.AiTicketServiceApplication         : Started AiTicketServiceApplication in 3.027 seconds (process running for 3.513)
2026-03-27T09:55:56.911Z  INFO 16828 --- [ai-ticket-service] [nio-8080-exec-1] o.a.c.c.C.[Tomcat].[localhost].[/]       : Initializing Spring DispatcherServlet 'dispatcherServlet'
2026-03-27T09:55:56.913Z  INFO 16828 --- [ai-ticket-service] [nio-8080-exec-1] o.s.web.servlet.DispatcherServlet        : Initializing Servlet 'dispatcherServlet'
2026-03-27T09:55:56.914Z  INFO 16828 --- [ai-ticket-service] [nio-8080-exec-1] o.s.web.servlet.DispatcherServlet        : Completed initialization in 1 ms
